


ARM Macro Assembler    Page 1 


    1 00000000         ;/******************************************************
                       ***********************
    2 00000000         ; * @file:    startup_LPC11xx.s
    3 00000000         ; * @purpose: CMSIS Cortex-M0 Core Device Startup File 
    4 00000000         ; *           for the NXP LPC11xx Device Series 
    5 00000000         ; * @version: V1.0
    6 00000000         ; * @date:    25. Nov. 2008
    7 00000000         ; *------- <<< Use Configuration Wizard in Context Menu 
                       >>> ------------------
    8 00000000         ; *
    9 00000000         ; * Copyright (C) 2008 ARM Limited. All rights reserved.
                       
   10 00000000         ; * ARM Limited (ARM) is supplying this software for use
                        with Cortex-M0 
   11 00000000         ; * processor based microcontrollers.  This file can be 
                       freely distributed 
   12 00000000         ; * within development tools that are supporting such AR
                       M based processors. 
   13 00000000         ; *
   14 00000000         ; * THIS SOFTWARE IS PROVIDED "AS IS".  NO WARRANTIES, W
                       HETHER EXPRESS, IMPLIED
   15 00000000         ; * OR STATUTORY, INCLUDING, BUT NOT LIMITED TO, IMPLIED
                        WARRANTIES OF
   16 00000000         ; * MERCHANTABILITY AND FITNESS FOR A PARTICULAR PURPOSE
                        APPLY TO THIS SOFTWARE.
   17 00000000         ; * ARM SHALL NOT, IN ANY CIRCUMSTANCES, BE LIABLE FOR S
                       PECIAL, INCIDENTAL, OR
   18 00000000         ; * CONSEQUENTIAL DAMAGES, FOR ANY REASON WHATSOEVER.
   19 00000000         ; *
   20 00000000         ; ******************************************************
                       ***********************/
   21 00000000         
   22 00000000         
   23 00000000         ; <h> Stack Configuration
   24 00000000         ;   <o> Stack Size (in Bytes) <0x0-0xFFFFFFFF:8>
   25 00000000         ; </h>
   26 00000000         
   27 00000000 00000200 
                       Stack_Size
                               EQU              0x00000200
   28 00000000         
   29 00000000                 AREA             STACK, NOINIT, READWRITE, ALIGN
=3
   30 00000000         Stack_Mem
                               SPACE            Stack_Size
   31 00000200         __initial_sp
   32 00000200         
   33 00000200         
   34 00000200         ; <h> Heap Configuration
   35 00000200         ;   <o>  Heap Size (in Bytes) <0x0-0xFFFFFFFF:8>
   36 00000200         ; </h>
   37 00000200         
   38 00000200 00000000 
                       Heap_Size
                               EQU              0x00000000
   39 00000200         
   40 00000200                 AREA             HEAP, NOINIT, READWRITE, ALIGN=
3
   41 00000000         __heap_base



ARM Macro Assembler    Page 2 


   42 00000000         Heap_Mem
                               SPACE            Heap_Size
   43 00000000         __heap_limit
   44 00000000         
   45 00000000         
   46 00000000                 PRESERVE8
   47 00000000                 THUMB
   48 00000000         
   49 00000000         
   50 00000000         ; Vector Table Mapped to Address 0 at Reset
   51 00000000         
   52 00000000                 AREA             RESET, DATA, READONLY
   53 00000000                 EXPORT           __Vectors
   54 00000000         
   55 00000000 00000000 
                       __Vectors
                               DCD              __initial_sp ; Top of Stack
   56 00000004 00000000        DCD              Reset_Handler ; Reset Handler
   57 00000008 00000000        DCD              NMI_Handler ; NMI Handler
   58 0000000C 00000000        DCD              HardFault_Handler ; Hard Fault 
                                                            Handler
   59 00000010 00000000        DCD              MemManage_Handler 
                                                            ; MPU Fault Handler
                                                            
   60 00000014 00000000        DCD              BusFault_Handler 
                                                            ; Bus Fault Handler
                                                            
   61 00000018 00000000        DCD              UsageFault_Handler ; Usage Faul
                                                            t Handler
   62 0000001C 00000000        DCD              0           ; Reserved
   63 00000020 00000000        DCD              0           ; Reserved
   64 00000024 00000000        DCD              0           ; Reserved
   65 00000028 00000000        DCD              0           ; Reserved
   66 0000002C 00000000        DCD              SVC_Handler ; SVCall Handler
   67 00000030 00000000        DCD              DebugMon_Handler ; Debug Monito
                                                            r Handler
   68 00000034 00000000        DCD              0           ; Reserved
   69 00000038 00000000        DCD              PendSV_Handler ; PendSV Handler
                                                            
   70 0000003C 00000000        DCD              SysTick_Handler 
                                                            ; SysTick Handler
   71 00000040         
   72 00000040         ; External Interrupts
   73 00000040 00000000        DCD              WAKEUP_IRQHandler ; 15 wakeup s
                                                            ources for all the
   74 00000044 00000000        DCD              WAKEUP_IRQHandler ; I/O pins st
                                                            arting from PIO0 (0
                                                            :11)
   75 00000048 00000000        DCD              WAKEUP_IRQHandler ; all 40 are 
                                                            routed to the same 
                                                            ISR                
                                                                   
   76 0000004C 00000000        DCD              WAKEUP_IRQHandler
   77 00000050 00000000        DCD              WAKEUP_IRQHandler
   78 00000054 00000000        DCD              WAKEUP_IRQHandler
   79 00000058 00000000        DCD              WAKEUP_IRQHandler
   80 0000005C 00000000        DCD              WAKEUP_IRQHandler
   81 00000060 00000000        DCD              WAKEUP_IRQHandler
   82 00000064 00000000        DCD              WAKEUP_IRQHandler



ARM Macro Assembler    Page 3 


   83 00000068 00000000        DCD              WAKEUP_IRQHandler
   84 0000006C 00000000        DCD              WAKEUP_IRQHandler
   85 00000070 00000000        DCD              WAKEUP_IRQHandler ; PIO1 (0:11)
                                                            
   86 00000074 00000000        DCD              CAN_IRQHandler ; CAN           
                                                                 
   87 00000078 00000000        DCD              SSP1_IRQHandler ; SSP1         
                                                                  
   88 0000007C 00000000        DCD              I2C_IRQHandler ; I2C
   89 00000080 00000000        DCD              TIMER16_0_IRQHandler 
                                                            ; 16-bit Timer0
   90 00000084 00000000        DCD              TIMER16_1_IRQHandler 
                                                            ; 16-bit Timer1
   91 00000088 00000000        DCD              TIMER32_0_IRQHandler 
                                                            ; 32-bit Timer0
   92 0000008C 00000000        DCD              TIMER32_1_IRQHandler 
                                                            ; 32-bit Timer1
   93 00000090 00000000        DCD              SSP0_IRQHandler ; SSP0
   94 00000094 00000000        DCD              UART_IRQHandler ; UART
   95 00000098 00000000        DCD              USB_IRQHandler ; USB IRQ
   96 0000009C 00000000        DCD              USB_FIQHandler ; USB FIQ
   97 000000A0 00000000        DCD              ADC_IRQHandler ; A/D Converter
   98 000000A4 00000000        DCD              WDT_IRQHandler ; Watchdog timer
                                                            
   99 000000A8 00000000        DCD              BOD_IRQHandler 
                                                            ; Brown Out Detect
  100 000000AC 00000000        DCD              FMC_IRQHandler ; IP2111 Flash M
                                                            emory Controller
  101 000000B0 00000000        DCD              PIOINT3_IRQHandler ; PIO INT3
  102 000000B4 00000000        DCD              PIOINT2_IRQHandler ; PIO INT2
  103 000000B8 00000000        DCD              PIOINT1_IRQHandler ; PIO INT1
  104 000000BC 00000000        DCD              PIOINT0_IRQHandler ; PIO INT0
  105 000000C0         
  106 000000C0         
  107 000000C0                 IF               :LNOT::DEF:NO_CRP
  108 000000C0                 AREA             |.ARM.__at_0x02FC|, CODE, READO
NLY
  109 00000000 FFFFFFFF 
                       CRP_Key DCD              0xFFFFFFFF
  110 00000004                 ENDIF
  111 00000004         
  112 00000004         
  113 00000004                 AREA             |.text|, CODE, READONLY
  114 00000000         
  115 00000000         
  116 00000000         ; Reset Handler
  117 00000000         
  118 00000000         Reset_Handler
                               PROC
  119 00000000                 EXPORT           Reset_Handler             [WEAK
]
  120 00000000                 IMPORT           __main
  121 00000000                 IMPORT           SystemInit
  122 00000000         
  123 00000000 4809            LDR              R0, =SystemInit
  124 00000002 4780            BLX              R0
  125 00000004 4809            LDR              R0, =__main
  126 00000006 4700            BX               R0
  127 00000008                 ENDP



ARM Macro Assembler    Page 4 


  128 00000008         
  129 00000008         
  130 00000008         ; Dummy Exception Handlers (infinite loops which can be 
                       modified)                
  131 00000008         
  132 00000008         NMI_Handler
                               PROC
  133 00000008                 EXPORT           NMI_Handler               [WEAK
]
  134 00000008 E7FE            B                .
  135 0000000A                 ENDP
  137 0000000A         HardFault_Handler
                               PROC
  138 0000000A                 EXPORT           HardFault_Handler         [WEAK
]
  139 0000000A E7FE            B                .
  140 0000000C                 ENDP
  142 0000000C         MemManage_Handler
                               PROC
  143 0000000C                 EXPORT           MemManage_Handler         [WEAK
]
  144 0000000C E7FE            B                .
  145 0000000E                 ENDP
  147 0000000E         BusFault_Handler
                               PROC
  148 0000000E                 EXPORT           BusFault_Handler          [WEAK
]
  149 0000000E E7FE            B                .
  150 00000010                 ENDP
  152 00000010         UsageFault_Handler
                               PROC
  153 00000010                 EXPORT           UsageFault_Handler        [WEAK
]
  154 00000010 E7FE            B                .
  155 00000012                 ENDP
  156 00000012         SVC_Handler
                               PROC
  157 00000012                 EXPORT           SVC_Handler               [WEAK
]
  158 00000012 E7FE            B                .
  159 00000014                 ENDP
  161 00000014         DebugMon_Handler
                               PROC
  162 00000014                 EXPORT           DebugMon_Handler          [WEAK
]
  163 00000014 E7FE            B                .
  164 00000016                 ENDP
  165 00000016         PendSV_Handler
                               PROC
  166 00000016                 EXPORT           PendSV_Handler            [WEAK
]
  167 00000016 E7FE            B                .
  168 00000018                 ENDP
  169 00000018         SysTick_Handler
                               PROC
  170 00000018                 EXPORT           SysTick_Handler           [WEAK
]
  171 00000018 E7FE            B                .
  172 0000001A                 ENDP



ARM Macro Assembler    Page 5 


  173 0000001A         
  174 0000001A         Default_Handler
                               PROC
  175 0000001A         
  176 0000001A                 EXPORT           WAKEUP_IRQHandler         [WEAK
]
  177 0000001A                 EXPORT           CAN_IRQHandler            [WEAK
]
  178 0000001A                 EXPORT           SSP1_IRQHandler           [WEAK
]
  179 0000001A                 EXPORT           I2C_IRQHandler            [WEAK
]
  180 0000001A                 EXPORT           TIMER16_0_IRQHandler      [WEAK
]
  181 0000001A                 EXPORT           TIMER16_1_IRQHandler      [WEAK
]
  182 0000001A                 EXPORT           TIMER32_0_IRQHandler      [WEAK
]
  183 0000001A                 EXPORT           TIMER32_1_IRQHandler      [WEAK
]
  184 0000001A                 EXPORT           SSP0_IRQHandler           [WEAK
]
  185 0000001A                 EXPORT           UART_IRQHandler           [WEAK
]
  186 0000001A         
  187 0000001A                 EXPORT           USB_IRQHandler            [WEAK
]
  188 0000001A                 EXPORT           USB_FIQHandler            [WEAK
]
  189 0000001A                 EXPORT           ADC_IRQHandler            [WEAK
]
  190 0000001A                 EXPORT           WDT_IRQHandler            [WEAK
]
  191 0000001A                 EXPORT           BOD_IRQHandler            [WEAK
]
  192 0000001A                 EXPORT           FMC_IRQHandler            [WEAK
]
  193 0000001A                 EXPORT           PIOINT3_IRQHandler        [WEAK
]
  194 0000001A                 EXPORT           PIOINT2_IRQHandler        [WEAK
]
  195 0000001A                 EXPORT           PIOINT1_IRQHandler        [WEAK
]
  196 0000001A                 EXPORT           PIOINT0_IRQHandler        [WEAK
]
  197 0000001A         
  198 0000001A         
  199 0000001A         WAKEUP_IRQHandler
  200 0000001A         CAN_IRQHandler
  201 0000001A         SSP1_IRQHandler
  202 0000001A         I2C_IRQHandler
  203 0000001A         TIMER16_0_IRQHandler
  204 0000001A         TIMER16_1_IRQHandler
  205 0000001A         TIMER32_0_IRQHandler
  206 0000001A         TIMER32_1_IRQHandler
  207 0000001A         SSP0_IRQHandler
  208 0000001A         UART_IRQHandler
  209 0000001A         USB_IRQHandler
  210 0000001A         USB_FIQHandler



ARM Macro Assembler    Page 6 


  211 0000001A         ADC_IRQHandler
  212 0000001A         WDT_IRQHandler
  213 0000001A         BOD_IRQHandler
  214 0000001A         FMC_IRQHandler
  215 0000001A         PIOINT3_IRQHandler
  216 0000001A         PIOINT2_IRQHandler
  217 0000001A         PIOINT1_IRQHandler
  218 0000001A         PIOINT0_IRQHandler
  219 0000001A         
  220 0000001A E7FE            B                .
  221 0000001C         
  222 0000001C                 ENDP
  223 0000001C         
  224 0000001C         
  225 0000001C                 ALIGN
  226 0000001C         
  227 0000001C         
  228 0000001C         ; User Initial Stack & Heap
  229 0000001C         
  230 0000001C                 IF               :DEF:__MICROLIB
  237 0000001C         
  238 0000001C                 IMPORT           __use_two_region_memory
  239 0000001C                 EXPORT           __user_initial_stackheap
  240 0000001C         __user_initial_stackheap
  241 0000001C         
  242 0000001C 4804            LDR              R0, =  Heap_Mem
  243 0000001E 4905            LDR              R1, =(Stack_Mem + Stack_Size)
  244 00000020 4A03            LDR              R2, = (Heap_Mem +  Heap_Size)
  245 00000022 4B05            LDR              R3, = Stack_Mem
  246 00000024 4770            BX               LR
  247 00000026         
  248 00000026 00 00           ALIGN
  249 00000028         
  250 00000028                 ENDIF
  251 00000028         
  252 00000028         
  253 00000028                 END
              00000000 
              00000000 
              00000000 
              00000200 
              00000000 
Command Line: --debug --xref --cpu=Cortex-M0 --apcs=interwork --depend=.\Object
s\startup_LPC11xx.d -o.\Objects\startup_LPC11xx.o -IC:\Keil\ARM\RV31\INC -IC:\K
eil\ARM\CMSIS\Include -IC:\Keil\ARM\Inc\NXP\LPC11xx --predefine="__EVAL SETA 1"
 --list=.\Listings\startup_LPC11xx.lst Device\startup_LPC11xx.s



ARM Macro Assembler    Page 1 Alphabetic symbol ordering
Relocatable symbols

STACK 00000000

Symbol: STACK
   Definitions
      At line 29 in file Device\startup_LPC11xx.s
   Uses
      None
Comment: STACK unused
Stack_Mem 00000000

Symbol: Stack_Mem
   Definitions
      At line 30 in file Device\startup_LPC11xx.s
   Uses
      At line 243 in file Device\startup_LPC11xx.s
      At line 245 in file Device\startup_LPC11xx.s

__initial_sp 00000200

Symbol: __initial_sp
   Definitions
      At line 31 in file Device\startup_LPC11xx.s
   Uses
      At line 55 in file Device\startup_LPC11xx.s
Comment: __initial_sp used once
3 symbols



ARM Macro Assembler    Page 1 Alphabetic symbol ordering
Relocatable symbols

HEAP 00000000

Symbol: HEAP
   Definitions
      At line 40 in file Device\startup_LPC11xx.s
   Uses
      None
Comment: HEAP unused
Heap_Mem 00000000

Symbol: Heap_Mem
   Definitions
      At line 42 in file Device\startup_LPC11xx.s
   Uses
      At line 242 in file Device\startup_LPC11xx.s
      At line 244 in file Device\startup_LPC11xx.s

__heap_base 00000000

Symbol: __heap_base
   Definitions
      At line 41 in file Device\startup_LPC11xx.s
   Uses
      None
Comment: __heap_base unused
__heap_limit 00000000

Symbol: __heap_limit
   Definitions
      At line 43 in file Device\startup_LPC11xx.s
   Uses
      None
Comment: __heap_limit unused
4 symbols



ARM Macro Assembler    Page 1 Alphabetic symbol ordering
Relocatable symbols

RESET 00000000

Symbol: RESET
   Definitions
      At line 52 in file Device\startup_LPC11xx.s
   Uses
      None
Comment: RESET unused
__Vectors 00000000

Symbol: __Vectors
   Definitions
      At line 55 in file Device\startup_LPC11xx.s
   Uses
      At line 53 in file Device\startup_LPC11xx.s
Comment: __Vectors used once
2 symbols



ARM Macro Assembler    Page 1 Alphabetic symbol ordering
Relocatable symbols

.ARM.__at_0x02FC 00000000

Symbol: .ARM.__at_0x02FC
   Definitions
      At line 108 in file Device\startup_LPC11xx.s
   Uses
      None
Comment: .ARM.__at_0x02FC unused
CRP_Key 00000000

Symbol: CRP_Key
   Definitions
      At line 109 in file Device\startup_LPC11xx.s
   Uses
      None
Comment: CRP_Key unused
2 symbols



ARM Macro Assembler    Page 1 Alphabetic symbol ordering
Relocatable symbols

.text 00000000

Symbol: .text
   Definitions
      At line 113 in file Device\startup_LPC11xx.s
   Uses
      None
Comment: .text unused
ADC_IRQHandler 0000001A

Symbol: ADC_IRQHandler
   Definitions
      At line 211 in file Device\startup_LPC11xx.s
   Uses
      At line 97 in file Device\startup_LPC11xx.s
      At line 189 in file Device\startup_LPC11xx.s

BOD_IRQHandler 0000001A

Symbol: BOD_IRQHandler
   Definitions
      At line 213 in file Device\startup_LPC11xx.s
   Uses
      At line 99 in file Device\startup_LPC11xx.s
      At line 191 in file Device\startup_LPC11xx.s

BusFault_Handler 0000000E

Symbol: BusFault_Handler
   Definitions
      At line 147 in file Device\startup_LPC11xx.s
   Uses
      At line 60 in file Device\startup_LPC11xx.s
      At line 148 in file Device\startup_LPC11xx.s

CAN_IRQHandler 0000001A

Symbol: CAN_IRQHandler
   Definitions
      At line 200 in file Device\startup_LPC11xx.s
   Uses
      At line 86 in file Device\startup_LPC11xx.s
      At line 177 in file Device\startup_LPC11xx.s

DebugMon_Handler 00000014

Symbol: DebugMon_Handler
   Definitions
      At line 161 in file Device\startup_LPC11xx.s
   Uses
      At line 67 in file Device\startup_LPC11xx.s
      At line 162 in file Device\startup_LPC11xx.s

Default_Handler 0000001A

Symbol: Default_Handler
   Definitions
      At line 174 in file Device\startup_LPC11xx.s
   Uses



ARM Macro Assembler    Page 2 Alphabetic symbol ordering
Relocatable symbols

      None
Comment: Default_Handler unused
FMC_IRQHandler 0000001A

Symbol: FMC_IRQHandler
   Definitions
      At line 214 in file Device\startup_LPC11xx.s
   Uses
      At line 100 in file Device\startup_LPC11xx.s
      At line 192 in file Device\startup_LPC11xx.s

HardFault_Handler 0000000A

Symbol: HardFault_Handler
   Definitions
      At line 137 in file Device\startup_LPC11xx.s
   Uses
      At line 58 in file Device\startup_LPC11xx.s
      At line 138 in file Device\startup_LPC11xx.s

I2C_IRQHandler 0000001A

Symbol: I2C_IRQHandler
   Definitions
      At line 202 in file Device\startup_LPC11xx.s
   Uses
      At line 88 in file Device\startup_LPC11xx.s
      At line 179 in file Device\startup_LPC11xx.s

MemManage_Handler 0000000C

Symbol: MemManage_Handler
   Definitions
      At line 142 in file Device\startup_LPC11xx.s
   Uses
      At line 59 in file Device\startup_LPC11xx.s
      At line 143 in file Device\startup_LPC11xx.s

NMI_Handler 00000008

Symbol: NMI_Handler
   Definitions
      At line 132 in file Device\startup_LPC11xx.s
   Uses
      At line 57 in file Device\startup_LPC11xx.s
      At line 133 in file Device\startup_LPC11xx.s

PIOINT0_IRQHandler 0000001A

Symbol: PIOINT0_IRQHandler
   Definitions
      At line 218 in file Device\startup_LPC11xx.s
   Uses
      At line 104 in file Device\startup_LPC11xx.s
      At line 196 in file Device\startup_LPC11xx.s

PIOINT1_IRQHandler 0000001A

Symbol: PIOINT1_IRQHandler



ARM Macro Assembler    Page 3 Alphabetic symbol ordering
Relocatable symbols

   Definitions
      At line 217 in file Device\startup_LPC11xx.s
   Uses
      At line 103 in file Device\startup_LPC11xx.s
      At line 195 in file Device\startup_LPC11xx.s

PIOINT2_IRQHandler 0000001A

Symbol: PIOINT2_IRQHandler
   Definitions
      At line 216 in file Device\startup_LPC11xx.s
   Uses
      At line 102 in file Device\startup_LPC11xx.s
      At line 194 in file Device\startup_LPC11xx.s

PIOINT3_IRQHandler 0000001A

Symbol: PIOINT3_IRQHandler
   Definitions
      At line 215 in file Device\startup_LPC11xx.s
   Uses
      At line 101 in file Device\startup_LPC11xx.s
      At line 193 in file Device\startup_LPC11xx.s

PendSV_Handler 00000016

Symbol: PendSV_Handler
   Definitions
      At line 165 in file Device\startup_LPC11xx.s
   Uses
      At line 69 in file Device\startup_LPC11xx.s
      At line 166 in file Device\startup_LPC11xx.s

Reset_Handler 00000000

Symbol: Reset_Handler
   Definitions
      At line 118 in file Device\startup_LPC11xx.s
   Uses
      At line 56 in file Device\startup_LPC11xx.s
      At line 119 in file Device\startup_LPC11xx.s

SSP0_IRQHandler 0000001A

Symbol: SSP0_IRQHandler
   Definitions
      At line 207 in file Device\startup_LPC11xx.s
   Uses
      At line 93 in file Device\startup_LPC11xx.s
      At line 184 in file Device\startup_LPC11xx.s

SSP1_IRQHandler 0000001A

Symbol: SSP1_IRQHandler
   Definitions
      At line 201 in file Device\startup_LPC11xx.s
   Uses
      At line 87 in file Device\startup_LPC11xx.s
      At line 178 in file Device\startup_LPC11xx.s



ARM Macro Assembler    Page 4 Alphabetic symbol ordering
Relocatable symbols


SVC_Handler 00000012

Symbol: SVC_Handler
   Definitions
      At line 156 in file Device\startup_LPC11xx.s
   Uses
      At line 66 in file Device\startup_LPC11xx.s
      At line 157 in file Device\startup_LPC11xx.s

SysTick_Handler 00000018

Symbol: SysTick_Handler
   Definitions
      At line 169 in file Device\startup_LPC11xx.s
   Uses
      At line 70 in file Device\startup_LPC11xx.s
      At line 170 in file Device\startup_LPC11xx.s

TIMER16_0_IRQHandler 0000001A

Symbol: TIMER16_0_IRQHandler
   Definitions
      At line 203 in file Device\startup_LPC11xx.s
   Uses
      At line 89 in file Device\startup_LPC11xx.s
      At line 180 in file Device\startup_LPC11xx.s

TIMER16_1_IRQHandler 0000001A

Symbol: TIMER16_1_IRQHandler
   Definitions
      At line 204 in file Device\startup_LPC11xx.s
   Uses
      At line 90 in file Device\startup_LPC11xx.s
      At line 181 in file Device\startup_LPC11xx.s

TIMER32_0_IRQHandler 0000001A

Symbol: TIMER32_0_IRQHandler
   Definitions
      At line 205 in file Device\startup_LPC11xx.s
   Uses
      At line 91 in file Device\startup_LPC11xx.s
      At line 182 in file Device\startup_LPC11xx.s

TIMER32_1_IRQHandler 0000001A

Symbol: TIMER32_1_IRQHandler
   Definitions
      At line 206 in file Device\startup_LPC11xx.s
   Uses
      At line 92 in file Device\startup_LPC11xx.s
      At line 183 in file Device\startup_LPC11xx.s

UART_IRQHandler 0000001A

Symbol: UART_IRQHandler
   Definitions



ARM Macro Assembler    Page 5 Alphabetic symbol ordering
Relocatable symbols

      At line 208 in file Device\startup_LPC11xx.s
   Uses
      At line 94 in file Device\startup_LPC11xx.s
      At line 185 in file Device\startup_LPC11xx.s

USB_FIQHandler 0000001A

Symbol: USB_FIQHandler
   Definitions
      At line 210 in file Device\startup_LPC11xx.s
   Uses
      At line 96 in file Device\startup_LPC11xx.s
      At line 188 in file Device\startup_LPC11xx.s

USB_IRQHandler 0000001A

Symbol: USB_IRQHandler
   Definitions
      At line 209 in file Device\startup_LPC11xx.s
   Uses
      At line 95 in file Device\startup_LPC11xx.s
      At line 187 in file Device\startup_LPC11xx.s

UsageFault_Handler 00000010

Symbol: UsageFault_Handler
   Definitions
      At line 152 in file Device\startup_LPC11xx.s
   Uses
      At line 61 in file Device\startup_LPC11xx.s
      At line 153 in file Device\startup_LPC11xx.s

WAKEUP_IRQHandler 0000001A

Symbol: WAKEUP_IRQHandler
   Definitions
      At line 199 in file Device\startup_LPC11xx.s
   Uses
      At line 73 in file Device\startup_LPC11xx.s
      At line 74 in file Device\startup_LPC11xx.s
      At line 75 in file Device\startup_LPC11xx.s
      At line 76 in file Device\startup_LPC11xx.s
      At line 77 in file Device\startup_LPC11xx.s
      At line 78 in file Device\startup_LPC11xx.s
      At line 79 in file Device\startup_LPC11xx.s
      At line 80 in file Device\startup_LPC11xx.s
      At line 81 in file Device\startup_LPC11xx.s
      At line 82 in file Device\startup_LPC11xx.s
      At line 83 in file Device\startup_LPC11xx.s
      At line 84 in file Device\startup_LPC11xx.s
      At line 85 in file Device\startup_LPC11xx.s
      At line 176 in file Device\startup_LPC11xx.s

WDT_IRQHandler 0000001A

Symbol: WDT_IRQHandler
   Definitions
      At line 212 in file Device\startup_LPC11xx.s
   Uses



ARM Macro Assembler    Page 6 Alphabetic symbol ordering
Relocatable symbols

      At line 98 in file Device\startup_LPC11xx.s
      At line 190 in file Device\startup_LPC11xx.s

__user_initial_stackheap 0000001C

Symbol: __user_initial_stackheap
   Definitions
      At line 240 in file Device\startup_LPC11xx.s
   Uses
      At line 239 in file Device\startup_LPC11xx.s
Comment: __user_initial_stackheap used once
33 symbols



ARM Macro Assembler    Page 1 Alphabetic symbol ordering
Absolute symbols

Heap_Size 00000000

Symbol: Heap_Size
   Definitions
      At line 38 in file Device\startup_LPC11xx.s
   Uses
      At line 42 in file Device\startup_LPC11xx.s
      At line 244 in file Device\startup_LPC11xx.s

Stack_Size 00000200

Symbol: Stack_Size
   Definitions
      At line 27 in file Device\startup_LPC11xx.s
   Uses
      At line 30 in file Device\startup_LPC11xx.s
      At line 243 in file Device\startup_LPC11xx.s

2 symbols



ARM Macro Assembler    Page 1 Alphabetic symbol ordering
External symbols

SystemInit 00000000

Symbol: SystemInit
   Definitions
      At line 121 in file Device\startup_LPC11xx.s
   Uses
      At line 123 in file Device\startup_LPC11xx.s
Comment: SystemInit used once
__main 00000000

Symbol: __main
   Definitions
      At line 120 in file Device\startup_LPC11xx.s
   Uses
      At line 125 in file Device\startup_LPC11xx.s
Comment: __main used once
__use_two_region_memory 00000000

Symbol: __use_two_region_memory
   Definitions
      At line 238 in file Device\startup_LPC11xx.s
   Uses
      None
Comment: __use_two_region_memory unused
3 symbols
386 symbols in table
